<?xml version="1.0" encoding="UTF-8"?>
<!-- Generated by org.testng.reporters.JUnitReportReporter -->
<testsuite hostname="LAPTOP-H5PVVSBB" name="com.sequretek.redbus.Assignment1.TestingDropDownTest" tests="1" failures="0" timestamp="18 May 2018 05:41:11 GMT" time="14.543" errors="0">
  <testcase name="menuItem" time="14.543" classname="com.sequretek.redbus.Assignment1.TestingDropDownTest"/>
</testsuite> <!-- com.sequretek.redbus.Assignment1.TestingDropDownTest -->
